<?xml version="1.0" encoding="UTF-8"?>
<robot generator="Robot 7.3.1 (Python 3.13.9 on darwin)" generated="2026-06-05T23:55:17.105839" rpa="false" schemaversion="5">
<suite id="s1" name="Register" source="/Users/nb/Project - Robotframework/Test/Register.robot">
<test id="s1-t1" name="Test Case 004: Registration with Non-matching Passwords" line="39">
<kw name="Open Register Page" owner="Register_keywords" type="SETUP">
<kw name="Open Browser" owner="SeleniumLibrary">
<msg time="2026-06-05T23:55:17.179095" level="INFO">Opening browser 'headlesschrome' to base url 'https://practice.expandtesting.com/register'.</msg>
<arg>${BASE_URL}</arg>
<arg>${BROWSER}</arg>
<doc>Opens a new browser instance to the optional ``url``.</doc>
<status status="PASS" start="2026-06-05T23:55:17.178948" elapsed="7.508060"/>
</kw>
<kw name="Maximize Browser Window" owner="SeleniumLibrary">
<doc>Maximizes current browser window.</doc>
<status status="PASS" start="2026-06-05T23:55:24.687521" elapsed="0.021362"/>
</kw>
<kw name="Scroll Element Into View" owner="SeleniumLibrary">
<arg>xpath=//*[@id="register"]/button</arg>
<doc>Scrolls the element identified by ``locator`` into view.</doc>
<status status="PASS" start="2026-06-05T23:55:24.709045" elapsed="0.267863"/>
</kw>
<kw name="Wait Until Element Is Visible" owner="SeleniumLibrary">
<arg>id=username</arg>
<doc>Waits until the element ``locator`` is visible.</doc>
<status status="PASS" start="2026-06-05T23:55:24.977100" elapsed="0.010268"/>
</kw>
<kw name="Wait Until Element Is Visible" owner="SeleniumLibrary">
<arg>id=password</arg>
<doc>Waits until the element ``locator`` is visible.</doc>
<status status="PASS" start="2026-06-05T23:55:24.987523" elapsed="0.006968"/>
</kw>
<kw name="Wait Until Element Is Visible" owner="SeleniumLibrary">
<arg>id=confirmPassword</arg>
<doc>Waits until the element ``locator`` is visible.</doc>
<status status="PASS" start="2026-06-05T23:55:24.994621" elapsed="0.006967"/>
</kw>
<status status="PASS" start="2026-06-05T23:55:17.178626" elapsed="7.823069"/>
</kw>
<kw name="Register User" owner="Register_keywords">
<kw name="Input Text" owner="SeleniumLibrary">
<msg time="2026-06-05T23:55:25.002568" level="INFO">Typing text 'testuserPAGG' into text field 'id=username'.</msg>
<arg>id=username</arg>
<arg>${username}</arg>
<doc>Types the given ``text`` into the text field identified by ``locator``.</doc>
<status status="PASS" start="2026-06-05T23:55:25.002430" elapsed="0.074310"/>
</kw>
<kw name="Input Password" owner="SeleniumLibrary">
<msg time="2026-06-05T23:55:25.077014" level="INFO">Typing password into text field 'id=password'.</msg>
<msg time="2026-06-05T23:55:25.085667" level="INFO">Temporally setting log level to: NONE</msg>
<arg>id=password</arg>
<arg>${password}</arg>
<doc>Types the given password into the text field identified by ``locator``.</doc>
<status status="PASS" start="2026-06-05T23:55:25.076868" elapsed="0.025492"/>
</kw>
<kw name="Input Password" owner="SeleniumLibrary">
<msg time="2026-06-05T23:55:25.102623" level="INFO">Typing password into text field 'id=confirmPassword'.</msg>
<msg time="2026-06-05T23:55:25.112580" level="INFO">Temporally setting log level to: NONE</msg>
<arg>id=confirmPassword</arg>
<arg>${confirm_password}</arg>
<doc>Types the given password into the text field identified by ``locator``.</doc>
<status status="PASS" start="2026-06-05T23:55:25.102486" elapsed="0.021673"/>
</kw>
<kw name="Scroll Element Into View" owner="SeleniumLibrary">
<arg>xpath=//*[@id="register"]/button</arg>
<doc>Scrolls the element identified by ``locator`` into view.</doc>
<status status="PASS" start="2026-06-05T23:55:25.124279" elapsed="0.266345"/>
</kw>
<kw name="Click Element" owner="SeleniumLibrary">
<msg time="2026-06-05T23:55:25.391067" level="INFO">Clicking element 'xpath=//*[@id="register"]/button'.</msg>
<arg>${REGISTER_BUTTON}</arg>
<doc>Click the element identified by ``locator``.</doc>
<status status="PASS" start="2026-06-05T23:55:25.390834" elapsed="0.028767"/>
</kw>
<arg>${VALID_USER}</arg>
<arg>${VALID_PASSWORD}</arg>
<arg>${INVALID_PASSWORD}</arg>
<status status="PASS" start="2026-06-05T23:55:25.002030" elapsed="0.417689"/>
</kw>
<kw name="Scroll Element Into View" owner="SeleniumLibrary">
<arg>xpath=//*[@id="register"]/button</arg>
<doc>Scrolls the element identified by ``locator`` into view.</doc>
<status status="PASS" start="2026-06-05T23:55:25.419922" elapsed="1.756671"/>
</kw>
<kw name="Verify Flash Message" owner="Register_keywords">
<kw name="Wait Until Element Is Visible" owner="SeleniumLibrary">
<arg>${FLASH_MESSAGE}</arg>
<doc>Waits until the element ``locator`` is visible.</doc>
<status status="PASS" start="2026-06-05T23:55:27.177341" elapsed="0.010123"/>
</kw>
<kw name="Element Should Contain" owner="SeleniumLibrary">
<msg time="2026-06-05T23:55:27.197467" level="INFO">Element 'id=flash' contains text 'Passwords do not match.'.</msg>
<arg>${FLASH_MESSAGE}</arg>
<arg>${expected_message}</arg>
<doc>Verifies that element ``locator`` contains text ``expected``.</doc>
<status status="PASS" start="2026-06-05T23:55:27.187655" elapsed="0.009954"/>
</kw>
<arg>Passwords do not match.</arg>
<status status="PASS" start="2026-06-05T23:55:27.177009" elapsed="0.020686"/>
</kw>
<kw name="Close Browser" owner="SeleniumLibrary" type="TEARDOWN">
<doc>Closes the current browser.</doc>
<status status="PASS" start="2026-06-05T23:55:27.197949" elapsed="0.074737"/>
</kw>
<status status="PASS" start="2026-06-05T23:55:17.178275" elapsed="10.094555"/>
</test>
<status status="PASS" start="2026-06-05T23:55:17.107369" elapsed="10.165825"/>
</suite>
<statistics>
<total>
<stat pass="1" fail="0" skip="0">All Tests</stat>
</total>
<tag>
</tag>
<suite>
<stat name="Register" id="s1" pass="1" fail="0" skip="0">Register</stat>
</suite>
</statistics>
<errors>
</errors>
</robot>
